<?xml version="1.0" encoding="UTF-8"?>
<testsuites>
  <testsuite name="AllTests" tests="1" assertions="1" errors="0" failures="0" skipped="0" time="0.000120">
    <testsuite name="HelloWorldTest" file="/Users/mrook/Projects/personal/phing/tests/etc/tasks/ext/phpunit/tests/HelloWorldTest.php" tests="1" assertions="1" errors="0" failures="0" skipped="0" time="0.000120">
      <testcase name="testSayHello" class="HelloWorldTest" classname="HelloWorldTest" file="/Users/mrook/Projects/personal/phing/tests/etc/tasks/ext/phpunit/tests/HelloWorldTest.php" line="15" assertions="1" time="0.000120"/>
    </testsuite>
  </testsuite>
</testsuites>
